22:35:35.840  INFO  manage.ApplicationManager - Test starts---
22:35:38.709  INFO  tests.TestBase - Start tests---boardCreation1
22:35:38.723  INFO  manage.MyListener - Before find element By--By.cssSelector: [href='/login']
22:35:38.924  INFO  manage.MyListener - After finds Elements By --By.cssSelector: [href='/login']
22:35:43.739  INFO  manage.MyListener - Before find element By--By.cssSelector: #user
22:35:43.777  INFO  manage.MyListener - After finds Elements By --By.cssSelector: #user
22:35:43.845  INFO  manage.MyListener - Before find element By--By.cssSelector: #user
22:35:43.873  INFO  manage.MyListener - After finds Elements By --By.cssSelector: #user
22:35:43.907  INFO  manage.MyListener - Before find element By--By.cssSelector: #user
22:35:43.932  INFO  manage.MyListener - After finds Elements By --By.cssSelector: #user
22:35:43.985  INFO  manage.MyListener - Before find element By--By.cssSelector: #login
22:35:44.010  INFO  manage.MyListener - After finds Elements By --By.cssSelector: #login
22:35:49.079  INFO  manage.MyListener - Before find element By--By.cssSelector: #password
22:35:49.104  INFO  manage.MyListener - After finds Elements By --By.cssSelector: #password
22:35:49.160  INFO  manage.MyListener - Before find element By--By.cssSelector: #password
22:35:49.184  INFO  manage.MyListener - After finds Elements By --By.cssSelector: #password
22:35:49.221  INFO  manage.MyListener - Before find element By--By.cssSelector: #password
22:35:49.244  INFO  manage.MyListener - After finds Elements By --By.cssSelector: #password
22:35:49.341  INFO  manage.MyListener - Before find element By--By.cssSelector: #login-submit
22:35:49.376  INFO  manage.MyListener - After finds Elements By --By.cssSelector: #login-submit
22:35:51.459  INFO  manage.MyListener - Before Find Elements By ---By.cssSelector: .boards-page-board-section-list-item
22:35:56.062  INFO  manage.MyListener - Before find elements By--By.cssSelector: .boards-page-board-section-list-item
22:35:56.063  INFO  manage.MyListener - List size is --2
22:35:56.064  INFO  manage.MyListener - Before Find Elements By ---By.xpath: //*[contains(@class,'icon-clock')]/../..//div
22:36:01.093  INFO  manage.MyListener - Before find elements By--By.xpath: //*[contains(@class,'icon-clock')]/../..//div
22:36:01.093  INFO  manage.MyListener - List size is --0
22:36:01.094  INFO  manage.MyListener - Before find element By--By.cssSelector: [data-test-id='header-create-menu-button']
22:36:01.114  INFO  manage.MyListener - After finds Elements By --By.cssSelector: [data-test-id='header-create-menu-button']
22:36:01.208  INFO  manage.MyListener - Before find element By--By.cssSelector: [aria-label='BoardIcon']
22:36:01.292  INFO  manage.MyListener - After finds Elements By --By.cssSelector: [aria-label='BoardIcon']
22:36:03.438  INFO  manage.MyListener - Before find element By--By.cssSelector: [data-test-id='create-board-title-input']
22:36:08.513  INFO  manage.MyListener - Have a problem--
22:36:08.514  INFO  manage.MyListener - The name of error method--findElement
22:36:08.519  INFO  manage.MyListener - Describe of error--org.openqa.selenium.NoSuchElementException: no such element: Unable to locate element: {"method":"css selector","selector":"[data-test-id='create-board-title-input']"}
  (Session info: chrome=106.0.5249.119)
For documentation on this error, please visit: https://selenium.dev/exceptions/#no_such_element
Build info: version: '4.4.0', revision: 'e5c75ed026a'
System info: host: 'DESKTOP-EVABS4F', ip: '192.168.1.138', os.name: 'Windows 11', os.arch: 'amd64', os.version: '10.0', java.version: '11.0.16.1'
Driver info: org.openqa.selenium.chrome.ChromeDriver
Command: [b2bb34cd6b122f78f5e8fd49311f3e33, findElement {using=css selector, value=[data-test-id='create-board-title-input']}]
Capabilities {acceptInsecureCerts: false, browserName: chrome, browserVersion: 106.0.5249.119, chrome: {chromedriverVersion: 106.0.5249.61 (511755355844..., userDataDir: C:\Users\evnik\AppData\Loca...}, goog:chromeOptions: {debuggerAddress: localhost:61437}, networkConnectionEnabled: false, pageLoadStrategy: normal, platformName: WINDOWS, proxy: Proxy(), se:cdp: ws://localhost:61437/devtoo..., se:cdpVersion: 106.0.5249.119, setWindowRect: true, strictFileInteractability: false, timeouts: {implicit: 0, pageLoad: 300000, script: 30000}, unhandledPromptBehavior: dismiss and notify, webauthn:extension:credBlob: true, webauthn:extension:largeBlob: true, webauthn:virtualAuthenticators: true}
Session ID: b2bb34cd6b122f78f5e8fd49311f3e33
22:36:08.521  INFO  manage.MyListener - ############################################################################
22:36:08.521  INFO  manage.MyListener - ChromeDriver: chrome on WINDOWS (b2bb34cd6b122f78f5e8fd49311f3e33)
22:36:08.525  INFO  manage.MyListener - Screen with error is---1075src/test/resources/Screenshots/screen1075.png
22:36:08.806  INFO  tests.TestBase - ****************************************************************************************
22:36:08.808  INFO  tests.TestBase - Start tests---boardCreation1
22:36:08.814  INFO  manage.MyListener - Before find element By--By.cssSelector: [href='/login']
22:36:13.883  INFO  manage.MyListener - Have a problem--
22:36:13.884  INFO  manage.MyListener - The name of error method--findElement
22:36:13.884  INFO  manage.MyListener - Describe of error--org.openqa.selenium.NoSuchElementException: no such element: Unable to locate element: {"method":"css selector","selector":"[href='/login']"}
  (Session info: chrome=106.0.5249.119)
For documentation on this error, please visit: https://selenium.dev/exceptions/#no_such_element
Build info: version: '4.4.0', revision: 'e5c75ed026a'
System info: host: 'DESKTOP-EVABS4F', ip: '192.168.1.138', os.name: 'Windows 11', os.arch: 'amd64', os.version: '10.0', java.version: '11.0.16.1'
Driver info: org.openqa.selenium.chrome.ChromeDriver
Command: [b2bb34cd6b122f78f5e8fd49311f3e33, findElement {using=css selector, value=[href='/login']}]
Capabilities {acceptInsecureCerts: false, browserName: chrome, browserVersion: 106.0.5249.119, chrome: {chromedriverVersion: 106.0.5249.61 (511755355844..., userDataDir: C:\Users\evnik\AppData\Loca...}, goog:chromeOptions: {debuggerAddress: localhost:61437}, networkConnectionEnabled: false, pageLoadStrategy: normal, platformName: WINDOWS, proxy: Proxy(), se:cdp: ws://localhost:61437/devtoo..., se:cdpVersion: 106.0.5249.119, setWindowRect: true, strictFileInteractability: false, timeouts: {implicit: 0, pageLoad: 300000, script: 30000}, unhandledPromptBehavior: dismiss and notify, webauthn:extension:credBlob: true, webauthn:extension:largeBlob: true, webauthn:virtualAuthenticators: true}
Session ID: b2bb34cd6b122f78f5e8fd49311f3e33
22:36:13.885  INFO  manage.MyListener - ############################################################################
22:36:13.885  INFO  manage.MyListener - ChromeDriver: chrome on WINDOWS (b2bb34cd6b122f78f5e8fd49311f3e33)
22:36:13.886  INFO  manage.MyListener - Screen with error is---1304src/test/resources/Screenshots/screen1304.png
22:36:14.089  INFO  tests.TestBase - ****************************************************************************************
