22:37:24.809  INFO  manage.ApplicationManager - Test starts---
22:37:29.978  INFO  tests.TestBase - Start tests---boardCreation1
22:37:29.983  INFO  manage.MyListener - Before find element By--By.cssSelector: [href='/login']
22:37:35.171  INFO  manage.MyListener - After finds Elements By --By.cssSelector: [href='/login']
22:37:49.550  INFO  manage.MyListener - Before find element By--By.cssSelector: #user
22:37:49.598  INFO  manage.MyListener - After finds Elements By --By.cssSelector: #user
22:37:49.672  INFO  manage.MyListener - Before find element By--By.cssSelector: #user
22:37:49.702  INFO  manage.MyListener - After finds Elements By --By.cssSelector: #user
22:37:49.735  INFO  manage.MyListener - Before find element By--By.cssSelector: #user
22:37:49.765  INFO  manage.MyListener - After finds Elements By --By.cssSelector: #user
22:37:49.841  INFO  manage.MyListener - Before find element By--By.cssSelector: #login
22:37:49.877  INFO  manage.MyListener - After finds Elements By --By.cssSelector: #login
22:37:54.981  INFO  manage.MyListener - Before find element By--By.cssSelector: #password
22:37:55.026  INFO  manage.MyListener - After finds Elements By --By.cssSelector: #password
22:37:55.144  INFO  manage.MyListener - Before find element By--By.cssSelector: #password
22:37:55.186  INFO  manage.MyListener - After finds Elements By --By.cssSelector: #password
22:37:55.246  INFO  manage.MyListener - Before find element By--By.cssSelector: #password
22:37:55.290  INFO  manage.MyListener - After finds Elements By --By.cssSelector: #password
22:37:55.497  INFO  manage.MyListener - Before find element By--By.cssSelector: #login-submit
22:37:55.547  INFO  manage.MyListener - After finds Elements By --By.cssSelector: #login-submit
22:37:57.665  INFO  manage.MyListener - Before Find Elements By ---By.cssSelector: .boards-page-board-section-list-item
22:38:05.046  INFO  manage.MyListener - Before find elements By--By.cssSelector: .boards-page-board-section-list-item
22:38:05.050  INFO  manage.MyListener - List size is --2
22:38:05.051  INFO  manage.MyListener - Before Find Elements By ---By.xpath: //*[contains(@class,'icon-clock')]/../..//div
22:38:10.122  INFO  manage.MyListener - Before find elements By--By.xpath: //*[contains(@class,'icon-clock')]/../..//div
22:38:10.122  INFO  manage.MyListener - List size is --0
22:38:10.123  INFO  manage.MyListener - Before find element By--By.cssSelector: [data-test-id='header-create-menu-button']
22:38:10.162  INFO  manage.MyListener - After finds Elements By --By.cssSelector: [data-test-id='header-create-menu-button']
22:38:10.341  INFO  manage.MyListener - Before find element By--By.cssSelector: [aria-label='BoardIcon']
22:38:10.521  INFO  manage.MyListener - After finds Elements By --By.cssSelector: [aria-label='BoardIcon']
22:38:13.735  INFO  manage.MyListener - Before find element By--By.cssSelector: [data-test-id='create-board-title-input']
22:38:18.770  INFO  manage.MyListener - Have a problem--
22:38:18.771  INFO  manage.MyListener - The name of error method--findElement
22:38:18.777  INFO  manage.MyListener - Describe of error--org.openqa.selenium.NoSuchElementException: no such element: Unable to locate element: {"method":"css selector","selector":"[data-test-id='create-board-title-input']"}
  (Session info: chrome=106.0.5249.119)
For documentation on this error, please visit: https://selenium.dev/exceptions/#no_such_element
Build info: version: '4.4.0', revision: 'e5c75ed026a'
System info: host: 'DESKTOP-EVABS4F', ip: '192.168.1.138', os.name: 'Windows 11', os.arch: 'amd64', os.version: '10.0', java.version: '11.0.16.1'
Driver info: org.openqa.selenium.chrome.ChromeDriver
Command: [54d86ec2a260638ba068c4193aa3926f, findElement {using=css selector, value=[data-test-id='create-board-title-input']}]
Capabilities {acceptInsecureCerts: false, browserName: chrome, browserVersion: 106.0.5249.119, chrome: {chromedriverVersion: 106.0.5249.61 (511755355844..., userDataDir: C:\Users\evnik\AppData\Loca...}, goog:chromeOptions: {debuggerAddress: localhost:61679}, networkConnectionEnabled: false, pageLoadStrategy: normal, platformName: WINDOWS, proxy: Proxy(), se:cdp: ws://localhost:61679/devtoo..., se:cdpVersion: 106.0.5249.119, setWindowRect: true, strictFileInteractability: false, timeouts: {implicit: 0, pageLoad: 300000, script: 30000}, unhandledPromptBehavior: dismiss and notify, webauthn:extension:credBlob: true, webauthn:extension:largeBlob: true, webauthn:virtualAuthenticators: true}
Session ID: 54d86ec2a260638ba068c4193aa3926f
22:38:18.778  INFO  manage.MyListener - ############################################################################
22:38:18.779  INFO  manage.MyListener - ChromeDriver: chrome on WINDOWS (54d86ec2a260638ba068c4193aa3926f)
22:38:18.784  INFO  manage.MyListener - Screen with error is---1280src/test/resources/Screenshots/screen1280.png
22:38:19.199  INFO  tests.TestBase - ****************************************************************************************
22:38:19.207  INFO  tests.TestBase - Start tests---boardCreation1
22:38:19.211  INFO  manage.MyListener - Before find element By--By.cssSelector: [href='/login']
22:38:24.231  INFO  manage.MyListener - Have a problem--
22:38:24.231  INFO  manage.MyListener - The name of error method--findElement
22:38:24.231  INFO  manage.MyListener - Describe of error--org.openqa.selenium.NoSuchElementException: no such element: Unable to locate element: {"method":"css selector","selector":"[href='/login']"}
  (Session info: chrome=106.0.5249.119)
For documentation on this error, please visit: https://selenium.dev/exceptions/#no_such_element
Build info: version: '4.4.0', revision: 'e5c75ed026a'
System info: host: 'DESKTOP-EVABS4F', ip: '192.168.1.138', os.name: 'Windows 11', os.arch: 'amd64', os.version: '10.0', java.version: '11.0.16.1'
Driver info: org.openqa.selenium.chrome.ChromeDriver
Command: [54d86ec2a260638ba068c4193aa3926f, findElement {using=css selector, value=[href='/login']}]
Capabilities {acceptInsecureCerts: false, browserName: chrome, browserVersion: 106.0.5249.119, chrome: {chromedriverVersion: 106.0.5249.61 (511755355844..., userDataDir: C:\Users\evnik\AppData\Loca...}, goog:chromeOptions: {debuggerAddress: localhost:61679}, networkConnectionEnabled: false, pageLoadStrategy: normal, platformName: WINDOWS, proxy: Proxy(), se:cdp: ws://localhost:61679/devtoo..., se:cdpVersion: 106.0.5249.119, setWindowRect: true, strictFileInteractability: false, timeouts: {implicit: 0, pageLoad: 300000, script: 30000}, unhandledPromptBehavior: dismiss and notify, webauthn:extension:credBlob: true, webauthn:extension:largeBlob: true, webauthn:virtualAuthenticators: true}
Session ID: 54d86ec2a260638ba068c4193aa3926f
22:38:24.232  INFO  manage.MyListener - ############################################################################
22:38:24.232  INFO  manage.MyListener - ChromeDriver: chrome on WINDOWS (54d86ec2a260638ba068c4193aa3926f)
22:38:24.232  INFO  manage.MyListener - Screen with error is---1116src/test/resources/Screenshots/screen1116.png
22:38:24.458  INFO  tests.TestBase - ****************************************************************************************
